app/build/intermediates/manifest_merge_blame_file/release/processReleaseMainManifest/manifest-merger-blame-release-report.txt
1<?xml version="1.0" encoding="utf-8"?>
2<manifest xmlns:android="http://schemas.android.com/apk/res/android"
3    package="com.najmi.oreamnos"
4    android:versionCode="1"
5    android:versionName="1.0" >
6
7    <uses-sdk
8        android:minSdkVersion="24"
9        android:targetSdkVersion="34" />
10
11    <!-- Permissions -->
12    <uses-permission android:name="android.permission.INTERNET" />
12-->src\main\AndroidManifest.xml:5:5-67
12-->src\main\AndroidManifest.xml:5:22-64
13    <uses-permission android:name="android.permission.POST_NOTIFICATIONS" />
13-->src\main\AndroidManifest.xml:6:5-77
13-->src\main\AndroidManifest.xml:6:22-74
14    <uses-permission android:name="android.permission.FOREGROUND_SERVICE" />
14-->src\main\AndroidManifest.xml:7:5-77
14-->src\main\AndroidManifest.xml:7:22-74
15    <uses-permission android:name="android.permission.FOREGROUND_SERVICE_DATA_SYNC" />
15-->src\main\AndroidManifest.xml:8:5-87
15-->src\main\AndroidManifest.xml:8:22-84
16    <uses-permission android:name="android.permission.VIBRATE" />
16-->src\main\AndroidManifest.xml:9:5-66
16-->src\main\AndroidManifest.xml:9:22-63
17    <!-- Card export: read gallery images for backgrounds (API 33+) -->
18    <uses-permission android:name="android.permission.READ_MEDIA_IMAGES" />
18-->src\main\AndroidManifest.xml:11:5-76
18-->src\main\AndroidManifest.xml:11:22-73
19
20    <permission
20-->[androidx.core:core:1.12.0] AndroidManifest.xml:22:5-24:47
21        android:name="com.najmi.oreamnos.DYNAMIC_RECEIVER_NOT_EXPORTED_PERMISSION"
21-->[androidx.core:core:1.12.0] AndroidManifest.xml:23:9-81
22        android:protectionLevel="signature" />
22-->[androidx.core:core:1.12.0] AndroidManifest.xml:24:9-44
23
24    <uses-permission android:name="com.najmi.oreamnos.DYNAMIC_RECEIVER_NOT_EXPORTED_PERMISSION" />
24-->[androidx.core:core:1.12.0] AndroidManifest.xml:26:5-97
24-->[androidx.core:core:1.12.0] AndroidManifest.xml:26:22-94
25
26    <application
26-->src\main\AndroidManifest.xml:13:5-123:19
27        android:allowBackup="true"
27-->src\main\AndroidManifest.xml:14:9-35
28        android:appComponentFactory="androidx.core.app.CoreComponentFactory"
28-->[androidx.core:core:1.12.0] AndroidManifest.xml:28:18-86
29        android:extractNativeLibs="false"
30        android:icon="@mipmap/oreamnos_white"
30-->src\main\AndroidManifest.xml:15:9-46
31        android:label="@string/app_name"
31-->src\main\AndroidManifest.xml:16:9-41
32        android:supportsRtl="true"
32-->src\main\AndroidManifest.xml:17:9-35
33        android:theme="@style/Theme.Oreamnos"
33-->src\main\AndroidManifest.xml:18:9-46
34        android:usesCleartextTraffic="false" >
34-->src\main\AndroidManifest.xml:19:9-45
35
36        <!-- Main Activity -->
37        <activity
37-->src\main\AndroidManifest.xml:22:9-32:20
38            android:name="com.najmi.oreamnos.MainActivity"
38-->src\main\AndroidManifest.xml:23:13-41
39            android:configChanges="orientation|screenSize|screenLayout|keyboardHidden|keyboard"
39-->src\main\AndroidManifest.xml:27:13-96
40            android:exported="true"
40-->src\main\AndroidManifest.xml:24:13-36
41            android:label="@string/app_name"
41-->src\main\AndroidManifest.xml:25:13-45
42            android:theme="@style/Theme.Oreamnos" >
42-->src\main\AndroidManifest.xml:26:13-50
43            <intent-filter>
43-->src\main\AndroidManifest.xml:28:13-31:29
44                <action android:name="android.intent.action.MAIN" />
44-->src\main\AndroidManifest.xml:29:17-69
44-->src\main\AndroidManifest.xml:29:25-66
45
46                <category android:name="android.intent.category.LAUNCHER" />
46-->src\main\AndroidManifest.xml:30:17-77
46-->src\main\AndroidManifest.xml:30:27-74
47            </intent-filter>
48        </activity>
49
50        <!-- Share Receiver Activity -->
51        <activity
51-->src\main\AndroidManifest.xml:35:9-52:20
52            android:name="com.najmi.oreamnos.ShareReceiverActivity"
52-->src\main\AndroidManifest.xml:36:13-50
53            android:exported="true"
53-->src\main\AndroidManifest.xml:37:13-36
54            android:label="@string/share_to_oreamnos"
54-->src\main\AndroidManifest.xml:38:13-54
55            android:theme="@style/Theme.Oreamnos.Transparent" >
55-->src\main\AndroidManifest.xml:39:13-62
56
57            <!-- Receive shared text from share sheet -->
58            <intent-filter>
58-->src\main\AndroidManifest.xml:41:13-45:29
59                <action android:name="android.intent.action.SEND" />
59-->src\main\AndroidManifest.xml:42:17-69
59-->src\main\AndroidManifest.xml:42:25-66
60
61                <category android:name="android.intent.category.DEFAULT" />
61-->src\main\AndroidManifest.xml:43:17-76
61-->src\main\AndroidManifest.xml:43:27-73
62
63                <data android:mimeType="text/plain" />
63-->src\main\AndroidManifest.xml:44:17-55
63-->src\main\AndroidManifest.xml:44:23-52
64            </intent-filter>
65            <!-- Receive selected text from floating text selection menu -->
66            <intent-filter>
66-->src\main\AndroidManifest.xml:47:13-51:29
67                <action android:name="android.intent.action.PROCESS_TEXT" />
67-->src\main\AndroidManifest.xml:48:17-77
67-->src\main\AndroidManifest.xml:48:25-74
68
69                <category android:name="android.intent.category.DEFAULT" />
69-->src\main\AndroidManifest.xml:43:17-76
69-->src\main\AndroidManifest.xml:43:27-73
70
71                <data android:mimeType="text/plain" />
71-->src\main\AndroidManifest.xml:44:17-55
71-->src\main\AndroidManifest.xml:44:23-52
72            </intent-filter>
73        </activity>
74
75        <!-- Settings Activity -->
76        <activity
76-->src\main\AndroidManifest.xml:55:9-60:53
77            android:name="com.najmi.oreamnos.SettingsActivity"
77-->src\main\AndroidManifest.xml:56:13-45
78            android:exported="false"
78-->src\main\AndroidManifest.xml:57:13-37
79            android:label="@string/settings"
79-->src\main\AndroidManifest.xml:58:13-45
80            android:parentActivityName="com.najmi.oreamnos.MainActivity"
80-->src\main\AndroidManifest.xml:59:13-55
81            android:theme="@style/Theme.Oreamnos" />
81-->src\main\AndroidManifest.xml:60:13-50
82
83        <!-- Usage Activity -->
84        <activity
84-->src\main\AndroidManifest.xml:63:9-68:53
85            android:name="com.najmi.oreamnos.UsageActivity"
85-->src\main\AndroidManifest.xml:64:13-42
86            android:exported="false"
86-->src\main\AndroidManifest.xml:65:13-37
87            android:label="@string/nav_usage"
87-->src\main\AndroidManifest.xml:66:13-46
88            android:parentActivityName="com.najmi.oreamnos.MainActivity"
88-->src\main\AndroidManifest.xml:67:13-55
89            android:theme="@style/Theme.Oreamnos" />
89-->src\main\AndroidManifest.xml:68:13-50
90
91        <!-- Hashtag Manager Activity -->
92        <activity
92-->src\main\AndroidManifest.xml:71:9-76:53
93            android:name="com.najmi.oreamnos.HashtagManagerActivity"
93-->src\main\AndroidManifest.xml:72:13-51
94            android:exported="false"
94-->src\main\AndroidManifest.xml:73:13-37
95            android:label="Hashtag Manager"
95-->src\main\AndroidManifest.xml:74:13-44
96            android:parentActivityName="com.najmi.oreamnos.SettingsActivity"
96-->src\main\AndroidManifest.xml:75:13-59
97            android:theme="@style/Theme.Oreamnos" />
97-->src\main\AndroidManifest.xml:76:13-50
98
99        <!-- Log List Activity -->
100        <activity
100-->src\main\AndroidManifest.xml:79:9-84:53
101            android:name="com.najmi.oreamnos.LogListActivity"
101-->src\main\AndroidManifest.xml:80:13-44
102            android:exported="false"
102-->src\main\AndroidManifest.xml:81:13-37
103            android:label="@string/all_logs_title"
103-->src\main\AndroidManifest.xml:82:13-51
104            android:parentActivityName="com.najmi.oreamnos.UsageActivity"
104-->src\main\AndroidManifest.xml:83:13-56
105            android:theme="@style/Theme.Oreamnos" />
105-->src\main\AndroidManifest.xml:84:13-50
106
107        <!-- Session List Activity -->
108        <activity
108-->src\main\AndroidManifest.xml:87:9-92:53
109            android:name="com.najmi.oreamnos.SessionListActivity"
109-->src\main\AndroidManifest.xml:88:13-48
110            android:exported="false"
110-->src\main\AndroidManifest.xml:89:13-37
111            android:label="@string/all_sessions_title"
111-->src\main\AndroidManifest.xml:90:13-55
112            android:parentActivityName="com.najmi.oreamnos.UsageActivity"
112-->src\main\AndroidManifest.xml:91:13-56
113            android:theme="@style/Theme.Oreamnos" />
113-->src\main\AndroidManifest.xml:92:13-50
114
115        <!-- Content Generation Foreground Service -->
116        <service
116-->src\main\AndroidManifest.xml:95:9-98:56
117            android:name="com.najmi.oreamnos.services.ContentGenerationService"
117-->src\main\AndroidManifest.xml:96:13-62
118            android:exported="false"
118-->src\main\AndroidManifest.xml:97:13-37
119            android:foregroundServiceType="dataSync" />
119-->src\main\AndroidManifest.xml:98:13-53
120
121        <!-- Quick Settings Tile Service -->
122        <service
122-->src\main\AndroidManifest.xml:101:9-110:19
123            android:name="com.najmi.oreamnos.services.GenerateTileService"
123-->src\main\AndroidManifest.xml:102:13-57
124            android:exported="true"
124-->src\main\AndroidManifest.xml:103:13-36
125            android:icon="@drawable/ic_tile"
125-->src\main\AndroidManifest.xml:104:13-45
126            android:label="@string/tile_label"
126-->src\main\AndroidManifest.xml:105:13-47
127            android:permission="android.permission.BIND_QUICK_SETTINGS_TILE" >
127-->src\main\AndroidManifest.xml:106:13-77
128            <intent-filter>
128-->src\main\AndroidManifest.xml:107:13-109:29
129                <action android:name="android.service.quicksettings.action.QS_TILE" />
129-->src\main\AndroidManifest.xml:108:17-87
129-->src\main\AndroidManifest.xml:108:25-84
130            </intent-filter>
131        </service>
132
133        <!-- FileProvider for sharing exported card images via share intent -->
134        <provider
135            android:name="androidx.core.content.FileProvider"
135-->src\main\AndroidManifest.xml:114:13-62
136            android:authorities="com.najmi.oreamnos.fileprovider"
136-->src\main\AndroidManifest.xml:115:13-64
137            android:exported="false"
137-->src\main\AndroidManifest.xml:116:13-37
138            android:grantUriPermissions="true" >
138-->src\main\AndroidManifest.xml:117:13-47
139            <meta-data
139-->src\main\AndroidManifest.xml:118:13-120:54
140                android:name="android.support.FILE_PROVIDER_PATHS"
140-->src\main\AndroidManifest.xml:119:17-67
141                android:resource="@xml/file_paths" />
141-->src\main\AndroidManifest.xml:120:17-51
142        </provider>
143        <provider
143-->[androidx.emoji2:emoji2:1.3.0] AndroidManifest.xml:24:9-32:20
144            android:name="androidx.startup.InitializationProvider"
144-->[androidx.emoji2:emoji2:1.3.0] AndroidManifest.xml:25:13-67
145            android:authorities="com.najmi.oreamnos.androidx-startup"
145-->[androidx.emoji2:emoji2:1.3.0] AndroidManifest.xml:26:13-68
146            android:exported="false" >
146-->[androidx.emoji2:emoji2:1.3.0] AndroidManifest.xml:27:13-37
147            <meta-data
147-->[androidx.emoji2:emoji2:1.3.0] AndroidManifest.xml:29:13-31:52
148                android:name="androidx.emoji2.text.EmojiCompatInitializer"
148-->[androidx.emoji2:emoji2:1.3.0] AndroidManifest.xml:30:17-75
149                android:value="androidx.startup" />
149-->[androidx.emoji2:emoji2:1.3.0] AndroidManifest.xml:31:17-49
150            <meta-data
150-->[androidx.lifecycle:lifecycle-process:2.7.0] AndroidManifest.xml:29:13-31:52
151                android:name="androidx.lifecycle.ProcessLifecycleInitializer"
151-->[androidx.lifecycle:lifecycle-process:2.7.0] AndroidManifest.xml:30:17-78
152                android:value="androidx.startup" />
152-->[androidx.lifecycle:lifecycle-process:2.7.0] AndroidManifest.xml:31:17-49
153            <meta-data
153-->[androidx.profileinstaller:profileinstaller:1.3.1] AndroidManifest.xml:29:13-31:52
154                android:name="androidx.profileinstaller.ProfileInstallerInitializer"
154-->[androidx.profileinstaller:profileinstaller:1.3.1] AndroidManifest.xml:30:17-85
155                android:value="androidx.startup" />
155-->[androidx.profileinstaller:profileinstaller:1.3.1] AndroidManifest.xml:31:17-49
156        </provider>
157
158        <receiver
158-->[androidx.profileinstaller:profileinstaller:1.3.1] AndroidManifest.xml:34:9-52:20
159            android:name="androidx.profileinstaller.ProfileInstallReceiver"
159-->[androidx.profileinstaller:profileinstaller:1.3.1] AndroidManifest.xml:35:13-76
160            android:directBootAware="false"
160-->[androidx.profileinstaller:profileinstaller:1.3.1] AndroidManifest.xml:36:13-44
161            android:enabled="true"
161-->[androidx.profileinstaller:profileinstaller:1.3.1] AndroidManifest.xml:37:13-35
162            android:exported="true"
162-->[androidx.profileinstaller:profileinstaller:1.3.1] AndroidManifest.xml:38:13-36
163            android:permission="android.permission.DUMP" >
163-->[androidx.profileinstaller:profileinstaller:1.3.1] AndroidManifest.xml:39:13-57
164            <intent-filter>
164-->[androidx.profileinstaller:profileinstaller:1.3.1] AndroidManifest.xml:40:13-42:29
165                <action android:name="androidx.profileinstaller.action.INSTALL_PROFILE" />
165-->[androidx.profileinstaller:profileinstaller:1.3.1] AndroidManifest.xml:41:17-91
165-->[androidx.profileinstaller:profileinstaller:1.3.1] AndroidManifest.xml:41:25-88
166            </intent-filter>
167            <intent-filter>
167-->[androidx.profileinstaller:profileinstaller:1.3.1] AndroidManifest.xml:43:13-45:29
168                <action android:name="androidx.profileinstaller.action.SKIP_FILE" />
168-->[androidx.profileinstaller:profileinstaller:1.3.1] AndroidManifest.xml:44:17-85
168-->[androidx.profileinstaller:profileinstaller:1.3.1] AndroidManifest.xml:44:25-82
169            </intent-filter>
170            <intent-filter>
170-->[androidx.profileinstaller:profileinstaller:1.3.1] AndroidManifest.xml:46:13-48:29
171                <action android:name="androidx.profileinstaller.action.SAVE_PROFILE" />
171-->[androidx.profileinstaller:profileinstaller:1.3.1] AndroidManifest.xml:47:17-88
171-->[androidx.profileinstaller:profileinstaller:1.3.1] AndroidManifest.xml:47:25-85
172            </intent-filter>
173            <intent-filter>
173-->[androidx.profileinstaller:profileinstaller:1.3.1] AndroidManifest.xml:49:13-51:29
174                <action android:name="androidx.profileinstaller.action.BENCHMARK_OPERATION" />
174-->[androidx.profileinstaller:profileinstaller:1.3.1] AndroidManifest.xml:50:17-95
174-->[androidx.profileinstaller:profileinstaller:1.3.1] AndroidManifest.xml:50:25-92
175            </intent-filter>
176        </receiver>
177    </application>
178
179</manifest>